<?xml version="1.0" encoding="UTF-8"?>
<!-- Generated by org.testng.reporters.JUnitReportReporter -->
<testsuite skipped="0" hostname="Elcot-PC" name="com.w2a.testcases.AddCustomerTest" tests="5" failures="0" timestamp="24 May 2020 06:06:04 GMT" time="6.933" errors="0">
  <testcase name="addCustomerTest" time="1.413" classname="com.w2a.testcases.AddCustomerTest"/>
  <testcase name="addCustomerTest" time="1.790" classname="com.w2a.testcases.AddCustomerTest"/>
  <testcase name="addCustomerTest" time="1.198" classname="com.w2a.testcases.AddCustomerTest"/>
  <testcase name="addCustomerTest" time="1.063" classname="com.w2a.testcases.AddCustomerTest"/>
  <testcase name="addCustomerTest" time="1.469" classname="com.w2a.testcases.AddCustomerTest"/>
</testsuite> <!-- com.w2a.testcases.AddCustomerTest -->
