<?xml version="1.0" encoding="UTF-8"?>
<!-- Generated by org.testng.reporters.JUnitReportReporter -->
<testsuite skipped="0" hostname="Elcot-PC" name="com.w2a.testcases.LoginTest" tests="1" failures="0" timestamp="23 May 2020 06:22:59 GMT" time="0.428" errors="0">
  <testcase name="loginAsBankManager" time="0.428" classname="com.w2a.testcases.LoginTest"/>
</testsuite> <!-- com.w2a.testcases.LoginTest -->
