<?xml version="1.0" encoding="UTF-8"?>
<!-- Generated by org.testng.reporters.JUnitReportReporter -->
<testsuite skipped="5" hostname="Elcot-PC" name="com.w2a.testcases.OpenCustomerTest" tests="5" failures="0" timestamp="12 Jun 2020 07:11:50 GMT" time="0.030" errors="0">
  <testcase name="openCustomerTest" time="0.004" classname="com.w2a.testcases.OpenCustomerTest">
    <skipped/>
  </testcase> <!-- openCustomerTest -->
  <testcase name="openCustomerTest" time="0.004" classname="com.w2a.testcases.OpenCustomerTest">
    <skipped/>
  </testcase> <!-- openCustomerTest -->
  <testcase name="openCustomerTest" time="0.004" classname="com.w2a.testcases.OpenCustomerTest">
    <skipped/>
  </testcase> <!-- openCustomerTest -->
  <testcase name="openCustomerTest" time="0.014" classname="com.w2a.testcases.OpenCustomerTest">
    <skipped/>
  </testcase> <!-- openCustomerTest -->
  <testcase name="openCustomerTest" time="0.004" classname="com.w2a.testcases.OpenCustomerTest">
    <skipped/>
  </testcase> <!-- openCustomerTest -->
</testsuite> <!-- com.w2a.testcases.OpenCustomerTest -->
